{"/home/kate/www/star-wars-heroes/postcss.config.js": {"path":"/home/kate/www/star-wars-heroes/postcss.config.js","all":true,"statementMap":{"0":{"start":{"line":1,"column":0},"end":{"line":1,"column":16}},"1":{"start":{"line":2,"column":0},"end":{"line":2,"column":12}},"2":{"start":{"line":3,"column":0},"end":{"line":3,"column":20}},"3":{"start":{"line":4,"column":0},"end":{"line":4,"column":21}},"4":{"start":{"line":5,"column":0},"end":{"line":5,"column":4}},"5":{"start":{"line":6,"column":0},"end":{"line":6,"column":1}}},"s":{"0":0,"1":0,"2":0,"3":0,"4":0,"5":0},"branchMap":{"0":{"type":"branch","line":1,"loc":{"start":{"line":1,"column":0},"end":{"line":6,"column":-11}},"locations":[{"start":{"line":1,"column":0},"end":{"line":6,"column":-11}}]}},"b":{"0":[0]},"fnMap":{"0":{"name":"(empty-report)","decl":{"start":{"line":1,"column":0},"end":{"line":6,"column":-11}},"loc":{"start":{"line":1,"column":0},"end":{"line":6,"column":-11}},"line":1}},"f":{"0":0}}
,"/home/kate/www/star-wars-heroes/tailwind.config.js": {"path":"/home/kate/www/star-wars-heroes/tailwind.config.js","all":true,"statementMap":{"0":{"start":{"line":1,"column":0},"end":{"line":1,"column":43}},"1":{"start":{"line":2,"column":0},"end":{"line":2,"column":16}},"2":{"start":{"line":3,"column":0},"end":{"line":3,"column":58}},"3":{"start":{"line":4,"column":0},"end":{"line":4,"column":10}},"4":{"start":{"line":5,"column":0},"end":{"line":5,"column":14}},"5":{"start":{"line":6,"column":0},"end":{"line":6,"column":18}},"6":{"start":{"line":7,"column":0},"end":{"line":7,"column":45}},"7":{"start":{"line":8,"column":0},"end":{"line":8,"column":0}},"8":{"start":{"line":9,"column":0},"end":{"line":9,"column":18}},"9":{"start":{"line":10,"column":0},"end":{"line":10,"column":45}},"10":{"start":{"line":11,"column":0},"end":{"line":11,"column":0}},"11":{"start":{"line":12,"column":0},"end":{"line":12,"column":19}},"12":{"start":{"line":13,"column":0},"end":{"line":13,"column":46}},"13":{"start":{"line":14,"column":0},"end":{"line":14,"column":6}},"14":{"start":{"line":15,"column":0},"end":{"line":15,"column":16}},"15":{"start":{"line":16,"column":0},"end":{"line":16,"column":19}},"16":{"start":{"line":17,"column":0},"end":{"line":17,"column":6}},"17":{"start":{"line":18,"column":0},"end":{"line":18,"column":13}},"18":{"start":{"line":19,"column":0},"end":{"line":19,"column":23}},"19":{"start":{"line":20,"column":0},"end":{"line":20,"column":24}},"20":{"start":{"line":21,"column":0},"end":{"line":21,"column":22}},"21":{"start":{"line":22,"column":0},"end":{"line":22,"column":23}},"22":{"start":{"line":23,"column":0},"end":{"line":23,"column":22}},"23":{"start":{"line":24,"column":0},"end":{"line":24,"column":6}},"24":{"start":{"line":25,"column":0},"end":{"line":25,"column":17}},"25":{"start":{"line":26,"column":0},"end":{"line":26,"column":38}},"26":{"start":{"line":27,"column":0},"end":{"line":27,"column":6}},"27":{"start":{"line":28,"column":0},"end":{"line":28,"column":13}},"28":{"start":{"line":29,"column":0},"end":{"line":29,"column":24}},"29":{"start":{"line":30,"column":0},"end":{"line":30,"column":59}},"30":{"start":{"line":31,"column":0},"end":{"line":31,"column":8}},"31":{"start":{"line":32,"column":0},"end":{"line":32,"column":6}},"32":{"start":{"line":33,"column":0},"end":{"line":33,"column":4}},"33":{"start":{"line":34,"column":0},"end":{"line":34,"column":32}},"34":{"start":{"line":35,"column":0},"end":{"line":35,"column":2}}},"s":{"0":0,"1":0,"2":0,"3":0,"4":0,"5":0,"6":0,"7":0,"8":0,"9":0,"10":0,"11":0,"12":0,"13":0,"14":0,"15":0,"16":0,"17":0,"18":0,"19":0,"20":0,"21":0,"22":0,"23":0,"24":0,"25":0,"26":0,"27":0,"28":0,"29":0,"30":0,"31":0,"32":0,"33":0,"34":0},"branchMap":{"0":{"type":"branch","line":1,"loc":{"start":{"line":1,"column":0},"end":{"line":35,"column":-13}},"locations":[{"start":{"line":1,"column":0},"end":{"line":35,"column":-13}}]}},"b":{"0":[0]},"fnMap":{"0":{"name":"(empty-report)","decl":{"start":{"line":1,"column":0},"end":{"line":35,"column":-13}},"loc":{"start":{"line":1,"column":0},"end":{"line":35,"column":-13}},"line":1}},"f":{"0":0}}
,"/home/kate/www/star-wars-heroes/src/App.tsx": {"path":"/home/kate/www/star-wars-heroes/src/App.tsx","all":false,"statementMap":{"0":{"start":{"line":1,"column":0},"end":{"line":1,"column":42}},"1":{"start":{"line":2,"column":0},"end":{"line":2,"column":19}},"3":{"start":{"line":4,"column":0},"end":{"line":4,"column":16}},"4":{"start":{"line":5,"column":0},"end":{"line":5,"column":10}},"5":{"start":{"line":6,"column":0},"end":{"line":6,"column":74}},"6":{"start":{"line":7,"column":0},"end":{"line":7,"column":16}},"7":{"start":{"line":8,"column":0},"end":{"line":8,"column":10}},"9":{"start":{"line":10,"column":0},"end":{"line":10,"column":1}},"11":{"start":{"line":12,"column":0},"end":{"line":12,"column":19}}},"s":{"0":1,"1":1,"3":7,"4":7,"5":7,"6":7,"7":7,"9":7,"11":1},"branchMap":{"0":{"type":"branch","line":4,"loc":{"start":{"line":4,"column":0},"end":{"line":10,"column":1}},"locations":[{"start":{"line":4,"column":0},"end":{"line":10,"column":1}}]}},"b":{"0":[7]},"fnMap":{"0":{"name":"App","decl":{"start":{"line":4,"column":0},"end":{"line":10,"column":1}},"loc":{"start":{"line":4,"column":0},"end":{"line":10,"column":1}},"line":4}},"f":{"0":7}}
,"/home/kate/www/star-wars-heroes/src/Root.tsx": {"path":"/home/kate/www/star-wars-heroes/src/Root.tsx","all":false,"statementMap":{"0":{"start":{"line":1,"column":0},"end":{"line":1,"column":59}},"7":{"start":{"line":8,"column":0},"end":{"line":8,"column":38}},"9":{"start":{"line":10,"column":0},"end":{"line":10,"column":27}},"10":{"start":{"line":11,"column":0},"end":{"line":11,"column":10}},"11":{"start":{"line":12,"column":0},"end":{"line":12,"column":46}},"12":{"start":{"line":13,"column":0},"end":{"line":13,"column":14}},"13":{"start":{"line":14,"column":0},"end":{"line":14,"column":42}},"14":{"start":{"line":15,"column":0},"end":{"line":15,"column":48}},"15":{"start":{"line":16,"column":0},"end":{"line":16,"column":69}},"16":{"start":{"line":17,"column":0},"end":{"line":17,"column":62}},"17":{"start":{"line":18,"column":0},"end":{"line":18,"column":31}},"18":{"start":{"line":19,"column":0},"end":{"line":19,"column":69}},"19":{"start":{"line":20,"column":0},"end":{"line":20,"column":18}},"20":{"start":{"line":21,"column":0},"end":{"line":21,"column":16}},"21":{"start":{"line":22,"column":0},"end":{"line":22,"column":15}},"22":{"start":{"line":23,"column":0},"end":{"line":23,"column":26}},"24":{"start":{"line":25,"column":0},"end":{"line":25,"column":2}}},"s":{"0":1,"7":1,"9":1,"10":7,"11":7,"12":7,"13":7,"14":7,"15":7,"16":7,"17":7,"18":7,"19":7,"20":7,"21":7,"22":7,"24":7},"branchMap":{"0":{"type":"branch","line":10,"loc":{"start":{"line":10,"column":20},"end":{"line":25,"column":2}},"locations":[{"start":{"line":10,"column":20},"end":{"line":25,"column":2}}]}},"b":{"0":[7]},"fnMap":{"0":{"name":"Root","decl":{"start":{"line":10,"column":20},"end":{"line":25,"column":2}},"loc":{"start":{"line":10,"column":20},"end":{"line":25,"column":2}},"line":10}},"f":{"0":7}}
,"/home/kate/www/star-wars-heroes/src/api.ts": {"path":"/home/kate/www/star-wars-heroes/src/api.ts","all":false,"statementMap":{"6":{"start":{"line":7,"column":0},"end":{"line":7,"column":45}},"8":{"start":{"line":9,"column":0},"end":{"line":9,"column":70}},"9":{"start":{"line":10,"column":0},"end":{"line":10,"column":68}},"10":{"start":{"line":11,"column":0},"end":{"line":11,"column":19}},"11":{"start":{"line":12,"column":0},"end":{"line":12,"column":4}},"12":{"start":{"line":13,"column":0},"end":{"line":13,"column":1}},"14":{"start":{"line":15,"column":0},"end":{"line":15,"column":62}},"15":{"start":{"line":16,"column":0},"end":{"line":16,"column":78}},"16":{"start":{"line":17,"column":0},"end":{"line":17,"column":1}},"18":{"start":{"line":19,"column":0},"end":{"line":19,"column":71}},"19":{"start":{"line":20,"column":0},"end":{"line":20,"column":71}},"20":{"start":{"line":21,"column":0},"end":{"line":21,"column":19}},"21":{"start":{"line":22,"column":0},"end":{"line":22,"column":4}},"22":{"start":{"line":23,"column":0},"end":{"line":23,"column":1}},"24":{"start":{"line":25,"column":0},"end":{"line":25,"column":79}},"25":{"start":{"line":26,"column":0},"end":{"line":26,"column":71}},"26":{"start":{"line":27,"column":0},"end":{"line":27,"column":19}},"27":{"start":{"line":28,"column":0},"end":{"line":28,"column":4}},"28":{"start":{"line":29,"column":0},"end":{"line":29,"column":1}},"30":{"start":{"line":31,"column":0},"end":{"line":31,"column":74}},"31":{"start":{"line":32,"column":0},"end":{"line":32,"column":72}},"32":{"start":{"line":33,"column":0},"end":{"line":33,"column":19}},"33":{"start":{"line":34,"column":0},"end":{"line":34,"column":4}},"34":{"start":{"line":35,"column":0},"end":{"line":35,"column":1}}},"s":{"6":1,"8":1,"9":0,"10":0,"11":0,"12":0,"14":1,"15":0,"16":0,"18":1,"19":0,"20":0,"21":0,"22":0,"24":1,"25":1,"26":1,"27":1,"28":1,"30":1,"31":1,"32":1,"33":1,"34":1},"branchMap":{"0":{"type":"branch","line":25,"loc":{"start":{"line":25,"column":7},"end":{"line":29,"column":1}},"locations":[{"start":{"line":25,"column":7},"end":{"line":29,"column":1}}]},"1":{"type":"branch","line":26,"loc":{"start":{"line":26,"column":58},"end":{"line":27,"column":19}},"locations":[{"start":{"line":26,"column":58},"end":{"line":27,"column":19}}]},"2":{"type":"branch","line":31,"loc":{"start":{"line":31,"column":7},"end":{"line":35,"column":1}},"locations":[{"start":{"line":31,"column":7},"end":{"line":35,"column":1}}]},"3":{"type":"branch","line":32,"loc":{"start":{"line":32,"column":59},"end":{"line":33,"column":19}},"locations":[{"start":{"line":32,"column":59},"end":{"line":33,"column":19}}]}},"b":{"0":[1],"1":[1],"2":[1],"3":[1]},"fnMap":{"0":{"name":"getCharacters","decl":{"start":{"line":9,"column":7},"end":{"line":13,"column":1}},"loc":{"start":{"line":9,"column":7},"end":{"line":13,"column":1}},"line":9},"1":{"name":"getCharacter","decl":{"start":{"line":15,"column":7},"end":{"line":17,"column":1}},"loc":{"start":{"line":15,"column":7},"end":{"line":17,"column":1}},"line":15},"2":{"name":"getFilmsByCharacterId","decl":{"start":{"line":19,"column":7},"end":{"line":23,"column":1}},"loc":{"start":{"line":19,"column":7},"end":{"line":23,"column":1}},"line":19},"3":{"name":"getStarshipsByCharacterId","decl":{"start":{"line":25,"column":7},"end":{"line":29,"column":1}},"loc":{"start":{"line":25,"column":7},"end":{"line":29,"column":1}},"line":25},"4":{"name":"getPlanetByCharacterId","decl":{"start":{"line":31,"column":7},"end":{"line":35,"column":1}},"loc":{"start":{"line":31,"column":7},"end":{"line":35,"column":1}},"line":31}},"f":{"0":0,"1":0,"2":0,"3":1,"4":1}}
,"/home/kate/www/star-wars-heroes/src/main.tsx": {"path":"/home/kate/www/star-wars-heroes/src/main.tsx","all":true,"statementMap":{"0":{"start":{"line":1,"column":0},"end":{"line":1,"column":40}},"1":{"start":{"line":2,"column":0},"end":{"line":2,"column":56}},"3":{"start":{"line":4,"column":0},"end":{"line":4,"column":21}},"4":{"start":{"line":5,"column":0},"end":{"line":5,"column":30}},"6":{"start":{"line":7,"column":0},"end":{"line":7,"column":33}},"7":{"start":{"line":8,"column":0},"end":{"line":8,"column":48}},"8":{"start":{"line":9,"column":0},"end":{"line":9,"column":2}},"10":{"start":{"line":11,"column":0},"end":{"line":11,"column":12}},"11":{"start":{"line":12,"column":0},"end":{"line":12,"column":10}},"12":{"start":{"line":13,"column":0},"end":{"line":13,"column":12}},"13":{"start":{"line":14,"column":0},"end":{"line":14,"column":11}},"14":{"start":{"line":15,"column":0},"end":{"line":15,"column":2}}},"s":{"0":0,"1":0,"3":0,"4":0,"6":0,"7":0,"8":0,"10":0,"11":0,"12":0,"13":0,"14":0},"branchMap":{"0":{"type":"branch","line":1,"loc":{"start":{"line":1,"column":291},"end":{"line":15,"column":2}},"locations":[{"start":{"line":1,"column":291},"end":{"line":15,"column":2}}]}},"b":{"0":[0]},"fnMap":{"0":{"name":"(empty-report)","decl":{"start":{"line":1,"column":291},"end":{"line":15,"column":2}},"loc":{"start":{"line":1,"column":291},"end":{"line":15,"column":2}},"line":1}},"f":{"0":0}}
,"/home/kate/www/star-wars-heroes/src/mock-react-flow.ts": {"path":"/home/kate/www/star-wars-heroes/src/mock-react-flow.ts","all":false,"statementMap":{"2":{"start":{"line":3,"column":0},"end":{"line":3,"column":22}},"3":{"start":{"line":4,"column":0},"end":{"line":4,"column":46}},"5":{"start":{"line":6,"column":0},"end":{"line":6,"column":60}},"6":{"start":{"line":7,"column":0},"end":{"line":7,"column":29}},"7":{"start":{"line":8,"column":0},"end":{"line":8,"column":3}},"9":{"start":{"line":10,"column":0},"end":{"line":10,"column":28}},"10":{"start":{"line":11,"column":0},"end":{"line":11,"column":72}},"11":{"start":{"line":12,"column":0},"end":{"line":12,"column":3}},"13":{"start":{"line":14,"column":0},"end":{"line":14,"column":16}},"15":{"start":{"line":16,"column":0},"end":{"line":16,"column":17}},"16":{"start":{"line":17,"column":0},"end":{"line":17,"column":1}},"18":{"start":{"line":19,"column":0},"end":{"line":19,"column":25}},"19":{"start":{"line":20,"column":0},"end":{"line":20,"column":14}},"20":{"start":{"line":21,"column":0},"end":{"line":21,"column":34}},"21":{"start":{"line":22,"column":0},"end":{"line":22,"column":61}},"22":{"start":{"line":23,"column":0},"end":{"line":23,"column":48}},"23":{"start":{"line":24,"column":0},"end":{"line":24,"column":3}},"24":{"start":{"line":25,"column":0},"end":{"line":25,"column":1}},"27":{"start":{"line":28,"column":0},"end":{"line":28,"column":17}},"29":{"start":{"line":30,"column":0},"end":{"line":30,"column":36}},"30":{"start":{"line":31,"column":0},"end":{"line":31,"column":19}},"31":{"start":{"line":32,"column":0},"end":{"line":32,"column":14}},"33":{"start":{"line":34,"column":0},"end":{"line":34,"column":41}},"36":{"start":{"line":37,"column":0},"end":{"line":37,"column":47}},"38":{"start":{"line":39,"column":0},"end":{"line":39,"column":57}},"39":{"start":{"line":40,"column":0},"end":{"line":40,"column":19}},"40":{"start":{"line":41,"column":0},"end":{"line":41,"column":13}},"41":{"start":{"line":42,"column":0},"end":{"line":42,"column":50}},"42":{"start":{"line":43,"column":0},"end":{"line":43,"column":8}},"43":{"start":{"line":44,"column":0},"end":{"line":44,"column":6}},"44":{"start":{"line":45,"column":0},"end":{"line":45,"column":18}},"45":{"start":{"line":46,"column":0},"end":{"line":46,"column":13}},"46":{"start":{"line":47,"column":0},"end":{"line":47,"column":49}},"47":{"start":{"line":48,"column":0},"end":{"line":48,"column":8}},"48":{"start":{"line":49,"column":0},"end":{"line":49,"column":6}},"49":{"start":{"line":50,"column":0},"end":{"line":50,"column":5}},"51":{"start":{"line":52,"column":0},"end":{"line":52,"column":57}},"52":{"start":{"line":53,"column":0},"end":{"line":53,"column":9}},"53":{"start":{"line":54,"column":0},"end":{"line":54,"column":9}},"54":{"start":{"line":55,"column":0},"end":{"line":55,"column":13}},"55":{"start":{"line":56,"column":0},"end":{"line":56,"column":14}},"56":{"start":{"line":57,"column":0},"end":{"line":57,"column":5}},"57":{"start":{"line":58,"column":0},"end":{"line":58,"column":2}}},"s":{"2":2,"3":2,"5":2,"6":2,"7":2,"9":2,"10":3,"11":3,"13":2,"15":2,"16":2,"18":0,"19":0,"20":0,"21":0,"22":0,"23":0,"24":0,"27":1,"29":1,"30":2,"31":1,"33":1,"36":1,"38":1,"39":1,"40":1,"41":2,"42":2,"43":1,"44":1,"45":1,"46":2,"47":2,"48":1,"49":1,"51":1,"52":0,"53":0,"54":0,"55":0,"56":0,"57":1},"branchMap":{"0":{"type":"branch","line":3,"loc":{"start":{"line":3,"column":0},"end":{"line":17,"column":1}},"locations":[{"start":{"line":3,"column":0},"end":{"line":17,"column":1}}]},"1":{"type":"branch","line":6,"loc":{"start":{"line":6,"column":2},"end":{"line":8,"column":3}},"locations":[{"start":{"line":6,"column":2},"end":{"line":8,"column":3}}]},"2":{"type":"branch","line":10,"loc":{"start":{"line":10,"column":2},"end":{"line":12,"column":3}},"locations":[{"start":{"line":10,"column":2},"end":{"line":12,"column":3}}]},"3":{"type":"branch","line":14,"loc":{"start":{"line":14,"column":2},"end":{"line":14,"column":16}},"locations":[{"start":{"line":14,"column":2},"end":{"line":14,"column":16}}]},"4":{"type":"branch","line":16,"loc":{"start":{"line":16,"column":2},"end":{"line":16,"column":17}},"locations":[{"start":{"line":16,"column":2},"end":{"line":16,"column":17}}]},"5":{"type":"branch","line":19,"loc":{"start":{"line":19,"column":0},"end":{"line":25,"column":1}},"locations":[{"start":{"line":19,"column":0},"end":{"line":25,"column":1}}]},"6":{"type":"branch","line":30,"loc":{"start":{"line":30,"column":29},"end":{"line":58,"column":2}},"locations":[{"start":{"line":30,"column":29},"end":{"line":58,"column":2}}]},"7":{"type":"branch","line":31,"loc":{"start":{"line":31,"column":12},"end":{"line":58,"column":2}},"locations":[{"start":{"line":31,"column":12},"end":{"line":58,"column":2}}]},"8":{"type":"branch","line":41,"loc":{"start":{"line":41,"column":6},"end":{"line":43,"column":8}},"locations":[{"start":{"line":41,"column":6},"end":{"line":43,"column":8}}]},"9":{"type":"branch","line":42,"loc":{"start":{"line":42,"column":43},"end":{"line":42,"column":50}},"locations":[{"start":{"line":42,"column":43},"end":{"line":42,"column":50}}]},"10":{"type":"branch","line":46,"loc":{"start":{"line":46,"column":6},"end":{"line":48,"column":8}},"locations":[{"start":{"line":46,"column":6},"end":{"line":48,"column":8}}]},"11":{"type":"branch","line":47,"loc":{"start":{"line":47,"column":42},"end":{"line":47,"column":49}},"locations":[{"start":{"line":47,"column":42},"end":{"line":47,"column":49}}]}},"b":{"0":[2],"1":[2],"2":[3],"3":[2],"4":[1],"5":[0],"6":[2],"7":[1],"8":[2],"9":[0],"10":[2],"11":[0]},"fnMap":{"0":{"name":"<instance_members_initializer>","decl":{"start":{"line":3,"column":0},"end":{"line":17,"column":1}},"loc":{"start":{"line":3,"column":0},"end":{"line":17,"column":1}},"line":3},"1":{"name":"ResizeObserver","decl":{"start":{"line":6,"column":2},"end":{"line":8,"column":3}},"loc":{"start":{"line":6,"column":2},"end":{"line":8,"column":3}},"line":6},"2":{"name":"observe","decl":{"start":{"line":10,"column":2},"end":{"line":12,"column":3}},"loc":{"start":{"line":10,"column":2},"end":{"line":12,"column":3}},"line":10},"3":{"name":"unobserve","decl":{"start":{"line":14,"column":2},"end":{"line":14,"column":16}},"loc":{"start":{"line":14,"column":2},"end":{"line":14,"column":16}},"line":14},"4":{"name":"disconnect","decl":{"start":{"line":16,"column":2},"end":{"line":16,"column":17}},"loc":{"start":{"line":16,"column":2},"end":{"line":16,"column":17}},"line":16},"5":{"name":"<instance_members_initializer>","decl":{"start":{"line":19,"column":0},"end":{"line":25,"column":1}},"loc":{"start":{"line":19,"column":0},"end":{"line":25,"column":1}},"line":19},"6":{"name":"mockReactFlow","decl":{"start":{"line":30,"column":29},"end":{"line":58,"column":2}},"loc":{"start":{"line":30,"column":29},"end":{"line":58,"column":2}},"line":30},"7":{"name":"get","decl":{"start":{"line":41,"column":6},"end":{"line":43,"column":8}},"loc":{"start":{"line":41,"column":6},"end":{"line":43,"column":8}},"line":41},"8":{"name":"get","decl":{"start":{"line":46,"column":6},"end":{"line":48,"column":8}},"loc":{"start":{"line":46,"column":6},"end":{"line":48,"column":8}},"line":46},"9":{"name":"global.SVGElement.getBBox","decl":{"start":{"line":52,"column":49},"end":{"line":57,"column":5}},"loc":{"start":{"line":52,"column":49},"end":{"line":57,"column":5}},"line":52}},"f":{"0":2,"1":2,"2":3,"3":2,"4":1,"5":0,"6":2,"7":2,"8":2,"9":0}}
,"/home/kate/www/star-wars-heroes/src/test-utils.tsx": {"path":"/home/kate/www/star-wars-heroes/src/test-utils.tsx","all":false,"statementMap":{"0":{"start":{"line":1,"column":0},"end":{"line":1,"column":63}},"3":{"start":{"line":4,"column":0},"end":{"line":4,"column":26}},"6":{"start":{"line":7,"column":0},"end":{"line":7,"column":40}},"7":{"start":{"line":8,"column":0},"end":{"line":8,"column":11}},"8":{"start":{"line":9,"column":0},"end":{"line":9,"column":16}},"9":{"start":{"line":10,"column":0},"end":{"line":10,"column":4}},"12":{"start":{"line":13,"column":0},"end":{"line":13,"column":7}},"13":{"start":{"line":14,"column":0},"end":{"line":14,"column":10}},"14":{"start":{"line":15,"column":0},"end":{"line":15,"column":17}},"15":{"start":{"line":16,"column":0},"end":{"line":16,"column":15}},"16":{"start":{"line":17,"column":0},"end":{"line":17,"column":33}},"17":{"start":{"line":18,"column":0},"end":{"line":18,"column":35}},"18":{"start":{"line":19,"column":0},"end":{"line":19,"column":8}},"19":{"start":{"line":20,"column":0},"end":{"line":20,"column":36}},"21":{"start":{"line":22,"column":0},"end":{"line":22,"column":16}},"22":{"start":{"line":23,"column":0},"end":{"line":23,"column":19}},"24":{"start":{"line":25,"column":0},"end":{"line":25,"column":2}},"32":{"start":{"line":33,"column":0},"end":{"line":33,"column":22}},"33":{"start":{"line":34,"column":0},"end":{"line":34,"column":22}},"34":{"start":{"line":35,"column":0},"end":{"line":35,"column":35}},"35":{"start":{"line":36,"column":0},"end":{"line":36,"column":6}},"36":{"start":{"line":37,"column":0},"end":{"line":37,"column":21}},"37":{"start":{"line":38,"column":0},"end":{"line":38,"column":22}},"38":{"start":{"line":39,"column":0},"end":{"line":39,"column":37}},"39":{"start":{"line":40,"column":0},"end":{"line":40,"column":16}},"40":{"start":{"line":41,"column":0},"end":{"line":41,"column":54}},"41":{"start":{"line":42,"column":0},"end":{"line":42,"column":9}},"42":{"start":{"line":43,"column":0},"end":{"line":43,"column":15}},"43":{"start":{"line":44,"column":0},"end":{"line":44,"column":5}},"44":{"start":{"line":45,"column":0},"end":{"line":45,"column":2}}},"s":{"0":1,"3":1,"6":1,"7":11,"8":11,"9":11,"12":11,"13":11,"14":11,"15":11,"16":11,"17":11,"18":11,"19":11,"21":11,"22":11,"24":11,"32":1,"33":11,"34":11,"35":11,"36":11,"37":11,"38":11,"39":11,"40":11,"41":11,"42":11,"43":11,"44":11},"branchMap":{"0":{"type":"branch","line":7,"loc":{"start":{"line":7,"column":38},"end":{"line":25,"column":2}},"locations":[{"start":{"line":7,"column":38},"end":{"line":25,"column":2}}]},"1":{"type":"branch","line":33,"loc":{"start":{"line":33,"column":21},"end":{"line":45,"column":2}},"locations":[{"start":{"line":33,"column":21},"end":{"line":45,"column":2}}]},"2":{"type":"branch","line":38,"loc":{"start":{"line":38,"column":13},"end":{"line":42,"column":9}},"locations":[{"start":{"line":38,"column":13},"end":{"line":42,"column":9}}]},"3":{"type":"branch","line":41,"loc":{"start":{"line":41,"column":31},"end":{"line":41,"column":54}},"locations":[{"start":{"line":41,"column":31},"end":{"line":41,"column":54}}]}},"b":{"0":[11],"1":[11],"2":[11],"3":[7]},"fnMap":{"0":{"name":"MemoryRouterWithInitialRoutes","decl":{"start":{"line":7,"column":38},"end":{"line":25,"column":2}},"loc":{"start":{"line":7,"column":38},"end":{"line":25,"column":2}},"line":7},"1":{"name":"customRender","decl":{"start":{"line":33,"column":21},"end":{"line":45,"column":2}},"loc":{"start":{"line":33,"column":21},"end":{"line":45,"column":2}},"line":33},"2":{"name":"wrapper","decl":{"start":{"line":38,"column":13},"end":{"line":42,"column":9}},"loc":{"start":{"line":38,"column":13},"end":{"line":42,"column":9}},"line":38}},"f":{"0":11,"1":11,"2":11}}
,"/home/kate/www/star-wars-heroes/src/components/CustomNode.tsx": {"path":"/home/kate/www/star-wars-heroes/src/components/CustomNode.tsx","all":false,"statementMap":{"0":{"start":{"line":1,"column":0},"end":{"line":1,"column":29}},"1":{"start":{"line":2,"column":0},"end":{"line":2,"column":49}},"2":{"start":{"line":3,"column":0},"end":{"line":3,"column":36}},"3":{"start":{"line":4,"column":0},"end":{"line":4,"column":44}},"5":{"start":{"line":6,"column":0},"end":{"line":6,"column":68}},"6":{"start":{"line":7,"column":0},"end":{"line":7,"column":10}},"7":{"start":{"line":8,"column":0},"end":{"line":8,"column":8}},"8":{"start":{"line":9,"column":0},"end":{"line":9,"column":28}},"9":{"start":{"line":10,"column":0},"end":{"line":10,"column":64}},"10":{"start":{"line":11,"column":0},"end":{"line":11,"column":9}},"11":{"start":{"line":12,"column":0},"end":{"line":12,"column":55}},"12":{"start":{"line":13,"column":0},"end":{"line":13,"column":50}},"13":{"start":{"line":14,"column":0},"end":{"line":14,"column":53}},"14":{"start":{"line":15,"column":0},"end":{"line":15,"column":9}},"15":{"start":{"line":16,"column":0},"end":{"line":16,"column":8}},"17":{"start":{"line":18,"column":0},"end":{"line":18,"column":47}},"18":{"start":{"line":19,"column":0},"end":{"line":19,"column":60}},"19":{"start":{"line":20,"column":0},"end":{"line":20,"column":14}},"20":{"start":{"line":21,"column":0},"end":{"line":21,"column":28}},"21":{"start":{"line":22,"column":0},"end":{"line":22,"column":27}},"22":{"start":{"line":23,"column":0},"end":{"line":23,"column":62}},"23":{"start":{"line":24,"column":0},"end":{"line":24,"column":12}},"25":{"start":{"line":26,"column":0},"end":{"line":26,"column":44}},"26":{"start":{"line":27,"column":0},"end":{"line":27,"column":74}},"27":{"start":{"line":28,"column":0},"end":{"line":28,"column":27}},"28":{"start":{"line":29,"column":0},"end":{"line":29,"column":70}},"30":{"start":{"line":31,"column":0},"end":{"line":31,"column":29}},"31":{"start":{"line":32,"column":0},"end":{"line":32,"column":74}},"33":{"start":{"line":34,"column":0},"end":{"line":34,"column":27}},"34":{"start":{"line":35,"column":0},"end":{"line":35,"column":70}},"36":{"start":{"line":37,"column":0},"end":{"line":37,"column":31}},"37":{"start":{"line":38,"column":0},"end":{"line":38,"column":78}},"39":{"start":{"line":40,"column":0},"end":{"line":40,"column":33}},"40":{"start":{"line":41,"column":0},"end":{"line":41,"column":53}},"41":{"start":{"line":42,"column":0},"end":{"line":42,"column":99}},"42":{"start":{"line":43,"column":0},"end":{"line":43,"column":37}},"43":{"start":{"line":44,"column":0},"end":{"line":44,"column":20}},"44":{"start":{"line":45,"column":0},"end":{"line":45,"column":45}},"45":{"start":{"line":46,"column":0},"end":{"line":46,"column":49}},"46":{"start":{"line":47,"column":0},"end":{"line":47,"column":20}},"47":{"start":{"line":48,"column":0},"end":{"line":48,"column":18}},"49":{"start":{"line":50,"column":0},"end":{"line":50,"column":29}},"50":{"start":{"line":51,"column":0},"end":{"line":51,"column":53}},"51":{"start":{"line":52,"column":0},"end":{"line":52,"column":99}},"52":{"start":{"line":53,"column":0},"end":{"line":53,"column":37}},"53":{"start":{"line":54,"column":0},"end":{"line":54,"column":20}},"54":{"start":{"line":55,"column":0},"end":{"line":55,"column":76}},"55":{"start":{"line":56,"column":0},"end":{"line":56,"column":18}},"58":{"start":{"line":59,"column":0},"end":{"line":59,"column":35}},"59":{"start":{"line":60,"column":0},"end":{"line":60,"column":43}},"60":{"start":{"line":61,"column":0},"end":{"line":61,"column":51}},"61":{"start":{"line":62,"column":0},"end":{"line":62,"column":18}},"63":{"start":{"line":64,"column":0},"end":{"line":64,"column":43}},"64":{"start":{"line":65,"column":0},"end":{"line":65,"column":43}},"65":{"start":{"line":66,"column":0},"end":{"line":66,"column":65}},"66":{"start":{"line":67,"column":0},"end":{"line":67,"column":18}},"68":{"start":{"line":69,"column":0},"end":{"line":69,"column":38}},"69":{"start":{"line":70,"column":0},"end":{"line":70,"column":43}},"70":{"start":{"line":71,"column":0},"end":{"line":71,"column":55}},"71":{"start":{"line":72,"column":0},"end":{"line":72,"column":18}},"73":{"start":{"line":74,"column":0},"end":{"line":74,"column":14}},"74":{"start":{"line":75,"column":0},"end":{"line":75,"column":12}},"76":{"start":{"line":77,"column":0},"end":{"line":77,"column":70}},"77":{"start":{"line":78,"column":0},"end":{"line":78,"column":73}},"78":{"start":{"line":79,"column":0},"end":{"line":79,"column":10}},"80":{"start":{"line":81,"column":0},"end":{"line":81,"column":1}},"82":{"start":{"line":83,"column":0},"end":{"line":83,"column":32}}},"s":{"0":1,"1":1,"2":1,"3":1,"5":2,"6":2,"7":2,"8":2,"9":2,"10":2,"11":2,"12":2,"13":2,"14":2,"15":2,"17":2,"18":2,"19":1,"20":1,"21":1,"22":1,"23":1,"25":2,"26":2,"27":2,"28":1,"30":2,"31":1,"33":2,"34":1,"36":2,"37":1,"39":2,"40":1,"41":1,"42":1,"43":1,"44":1,"45":1,"46":1,"47":1,"49":2,"50":1,"51":1,"52":1,"53":1,"54":1,"55":1,"58":2,"59":0,"60":0,"61":0,"63":2,"64":0,"65":0,"66":0,"68":2,"69":0,"70":0,"71":0,"73":2,"74":2,"76":2,"77":2,"78":2,"80":2,"82":1},"branchMap":{"0":{"type":"branch","line":6,"loc":{"start":{"line":6,"column":0},"end":{"line":81,"column":1}},"locations":[{"start":{"line":6,"column":0},"end":{"line":81,"column":1}}]},"1":{"type":"branch","line":19,"loc":{"start":{"line":19,"column":14},"end":{"line":19,"column":60}},"locations":[{"start":{"line":19,"column":14},"end":{"line":19,"column":60}}]},"2":{"type":"branch","line":19,"loc":{"start":{"line":19,"column":46},"end":{"line":24,"column":12}},"locations":[{"start":{"line":19,"column":46},"end":{"line":24,"column":12}}]},"3":{"type":"branch","line":28,"loc":{"start":{"line":28,"column":16},"end":{"line":29,"column":70}},"locations":[{"start":{"line":28,"column":16},"end":{"line":29,"column":70}}]},"4":{"type":"branch","line":31,"loc":{"start":{"line":31,"column":16},"end":{"line":32,"column":74}},"locations":[{"start":{"line":31,"column":16},"end":{"line":32,"column":74}}]},"5":{"type":"branch","line":34,"loc":{"start":{"line":34,"column":16},"end":{"line":35,"column":70}},"locations":[{"start":{"line":34,"column":16},"end":{"line":35,"column":70}}]},"6":{"type":"branch","line":37,"loc":{"start":{"line":37,"column":16},"end":{"line":38,"column":78}},"locations":[{"start":{"line":37,"column":16},"end":{"line":38,"column":78}}]},"7":{"type":"branch","line":40,"loc":{"start":{"line":40,"column":16},"end":{"line":48,"column":18}},"locations":[{"start":{"line":40,"column":16},"end":{"line":48,"column":18}}]},"8":{"type":"branch","line":50,"loc":{"start":{"line":50,"column":16},"end":{"line":56,"column":18}},"locations":[{"start":{"line":50,"column":16},"end":{"line":56,"column":18}}]},"9":{"type":"branch","line":59,"loc":{"start":{"line":59,"column":16},"end":{"line":62,"column":18}},"locations":[{"start":{"line":59,"column":16},"end":{"line":62,"column":18}}]},"10":{"type":"branch","line":64,"loc":{"start":{"line":64,"column":16},"end":{"line":67,"column":18}},"locations":[{"start":{"line":64,"column":16},"end":{"line":67,"column":18}}]},"11":{"type":"branch","line":69,"loc":{"start":{"line":69,"column":16},"end":{"line":72,"column":18}},"locations":[{"start":{"line":69,"column":16},"end":{"line":72,"column":18}}]}},"b":{"0":[2],"1":[1],"2":[1],"3":[1],"4":[1],"5":[1],"6":[1],"7":[1],"8":[1],"9":[0],"10":[0],"11":[0]},"fnMap":{"0":{"name":"CustomNode","decl":{"start":{"line":6,"column":0},"end":{"line":81,"column":1}},"loc":{"start":{"line":6,"column":0},"end":{"line":81,"column":1}},"line":6}},"f":{"0":2}}
,"/home/kate/www/star-wars-heroes/src/components/CharacterCard/CharacterCard.tsx": {"path":"/home/kate/www/star-wars-heroes/src/components/CharacterCard/CharacterCard.tsx","all":false,"statementMap":{"0":{"start":{"line":1,"column":0},"end":{"line":1,"column":40}},"7":{"start":{"line":8,"column":0},"end":{"line":8,"column":66}},"8":{"start":{"line":9,"column":0},"end":{"line":9,"column":10}},"9":{"start":{"line":10,"column":0},"end":{"line":10,"column":8}},"10":{"start":{"line":11,"column":0},"end":{"line":11,"column":20}},"11":{"start":{"line":12,"column":0},"end":{"line":12,"column":33}},"12":{"start":{"line":13,"column":0},"end":{"line":13,"column":24}},"13":{"start":{"line":14,"column":0},"end":{"line":14,"column":141}},"15":{"start":{"line":16,"column":0},"end":{"line":16,"column":36}},"16":{"start":{"line":17,"column":0},"end":{"line":17,"column":37}},"17":{"start":{"line":18,"column":0},"end":{"line":18,"column":14}},"18":{"start":{"line":19,"column":0},"end":{"line":19,"column":94}},"19":{"start":{"line":20,"column":0},"end":{"line":20,"column":32}},"20":{"start":{"line":21,"column":0},"end":{"line":21,"column":52}},"21":{"start":{"line":22,"column":0},"end":{"line":22,"column":12}},"22":{"start":{"line":23,"column":0},"end":{"line":23,"column":15}},"23":{"start":{"line":24,"column":0},"end":{"line":24,"column":15}},"24":{"start":{"line":25,"column":0},"end":{"line":25,"column":90}},"25":{"start":{"line":26,"column":0},"end":{"line":26,"column":72}},"26":{"start":{"line":27,"column":0},"end":{"line":27,"column":26}},"27":{"start":{"line":28,"column":0},"end":{"line":28,"column":13}},"28":{"start":{"line":29,"column":0},"end":{"line":29,"column":38}},"29":{"start":{"line":30,"column":0},"end":{"line":30,"column":15}},"30":{"start":{"line":31,"column":0},"end":{"line":31,"column":34}},"31":{"start":{"line":32,"column":0},"end":{"line":32,"column":64}},"32":{"start":{"line":33,"column":0},"end":{"line":33,"column":11}},"34":{"start":{"line":35,"column":0},"end":{"line":35,"column":17}},"35":{"start":{"line":36,"column":0},"end":{"line":36,"column":14}},"36":{"start":{"line":37,"column":0},"end":{"line":37,"column":12}},"37":{"start":{"line":38,"column":0},"end":{"line":38,"column":10}},"39":{"start":{"line":40,"column":0},"end":{"line":40,"column":2}}},"s":{"0":1,"7":1,"8":5,"9":5,"10":5,"11":5,"12":5,"13":5,"15":5,"16":5,"17":5,"18":5,"19":5,"20":5,"21":5,"22":5,"23":5,"24":5,"25":5,"26":5,"27":5,"28":5,"29":5,"30":5,"31":5,"32":5,"34":5,"35":5,"36":5,"37":5,"39":5},"branchMap":{"0":{"type":"branch","line":8,"loc":{"start":{"line":8,"column":46},"end":{"line":40,"column":2}},"locations":[{"start":{"line":8,"column":46},"end":{"line":40,"column":2}}]}},"b":{"0":[5]},"fnMap":{"0":{"name":"CharacterCard","decl":{"start":{"line":8,"column":46},"end":{"line":40,"column":2}},"loc":{"start":{"line":8,"column":46},"end":{"line":40,"column":2}},"line":8}},"f":{"0":5}}
,"/home/kate/www/star-wars-heroes/src/components/Loader/Loader.tsx": {"path":"/home/kate/www/star-wars-heroes/src/components/Loader/Loader.tsx","all":false,"statementMap":{"0":{"start":{"line":1,"column":0},"end":{"line":1,"column":29}},"1":{"start":{"line":2,"column":0},"end":{"line":2,"column":7}},"2":{"start":{"line":3,"column":0},"end":{"line":3,"column":17}},"3":{"start":{"line":4,"column":0},"end":{"line":4,"column":59}},"4":{"start":{"line":5,"column":0},"end":{"line":5,"column":10}}},"s":{"0":1,"1":7,"2":7,"3":7,"4":7},"branchMap":{"0":{"type":"branch","line":1,"loc":{"start":{"line":1,"column":22},"end":{"line":5,"column":10}},"locations":[{"start":{"line":1,"column":22},"end":{"line":5,"column":10}}]}},"b":{"0":[7]},"fnMap":{"0":{"name":"Loader","decl":{"start":{"line":1,"column":22},"end":{"line":5,"column":10}},"loc":{"start":{"line":1,"column":22},"end":{"line":5,"column":10}},"line":1}},"f":{"0":7}}
,"/home/kate/www/star-wars-heroes/src/components/Pagination/Pagination.tsx": {"path":"/home/kate/www/star-wars-heroes/src/components/Pagination/Pagination.tsx","all":false,"statementMap":{"0":{"start":{"line":1,"column":0},"end":{"line":1,"column":36}},"8":{"start":{"line":9,"column":0},"end":{"line":9,"column":77}},"9":{"start":{"line":10,"column":0},"end":{"line":10,"column":43}},"11":{"start":{"line":12,"column":0},"end":{"line":12,"column":53}},"12":{"start":{"line":13,"column":0},"end":{"line":13,"column":25}},"13":{"start":{"line":14,"column":0},"end":{"line":14,"column":51}},"14":{"start":{"line":15,"column":0},"end":{"line":15,"column":64}},"15":{"start":{"line":16,"column":0},"end":{"line":16,"column":40}},"17":{"start":{"line":18,"column":0},"end":{"line":18,"column":29}},"18":{"start":{"line":19,"column":0},"end":{"line":19,"column":4}},"20":{"start":{"line":21,"column":0},"end":{"line":21,"column":80}},"21":{"start":{"line":22,"column":0},"end":{"line":22,"column":21}},"22":{"start":{"line":23,"column":0},"end":{"line":23,"column":11}},"23":{"start":{"line":24,"column":0},"end":{"line":24,"column":31}},"24":{"start":{"line":25,"column":0},"end":{"line":25,"column":32}},"25":{"start":{"line":26,"column":0},"end":{"line":26,"column":60}},"26":{"start":{"line":27,"column":0},"end":{"line":27,"column":11}},"27":{"start":{"line":28,"column":0},"end":{"line":28,"column":33}},"28":{"start":{"line":29,"column":0},"end":{"line":29,"column":13}},"29":{"start":{"line":30,"column":0},"end":{"line":30,"column":61}},"30":{"start":{"line":31,"column":0},"end":{"line":31,"column":10}},"32":{"start":{"line":33,"column":0},"end":{"line":33,"column":15}},"33":{"start":{"line":34,"column":0},"end":{"line":34,"column":79}},"34":{"start":{"line":35,"column":0},"end":{"line":35,"column":68}},"35":{"start":{"line":36,"column":0},"end":{"line":36,"column":65}},"36":{"start":{"line":37,"column":0},"end":{"line":37,"column":51}},"37":{"start":{"line":38,"column":0},"end":{"line":38,"column":13}},"39":{"start":{"line":40,"column":0},"end":{"line":40,"column":35}},"40":{"start":{"line":41,"column":0},"end":{"line":41,"column":17}},"41":{"start":{"line":42,"column":0},"end":{"line":42,"column":13}},"42":{"start":{"line":43,"column":0},"end":{"line":43,"column":6}},"43":{"start":{"line":44,"column":0},"end":{"line":44,"column":3}},"45":{"start":{"line":46,"column":0},"end":{"line":46,"column":10}},"46":{"start":{"line":47,"column":0},"end":{"line":47,"column":72}},"47":{"start":{"line":48,"column":0},"end":{"line":48,"column":19}},"48":{"start":{"line":49,"column":0},"end":{"line":49,"column":10}},"50":{"start":{"line":51,"column":0},"end":{"line":51,"column":2}}},"s":{"0":1,"8":1,"9":4,"11":4,"12":4,"13":4,"14":14,"15":14,"17":14,"18":14,"20":4,"21":14,"22":14,"23":14,"24":14,"25":14,"26":14,"27":14,"28":14,"29":14,"30":14,"32":14,"33":14,"34":14,"35":14,"36":14,"37":14,"39":14,"40":14,"41":14,"42":14,"43":14,"45":4,"46":4,"47":4,"48":4,"50":4},"branchMap":{"0":{"type":"branch","line":9,"loc":{"start":{"line":9,"column":43},"end":{"line":51,"column":2}},"locations":[{"start":{"line":9,"column":43},"end":{"line":51,"column":2}}]},"1":{"type":"branch","line":21,"loc":{"start":{"line":21,"column":79},"end":{"line":44,"column":3}},"locations":[{"start":{"line":21,"column":79},"end":{"line":44,"column":3}}]},"2":{"type":"branch","line":26,"loc":{"start":{"line":26,"column":31},"end":{"line":26,"column":60}},"locations":[{"start":{"line":26,"column":31},"end":{"line":26,"column":60}}]},"3":{"type":"branch","line":40,"loc":{"start":{"line":40,"column":11},"end":{"line":40,"column":35}},"locations":[{"start":{"line":40,"column":11},"end":{"line":40,"column":35}}]},"4":{"type":"branch","line":14,"loc":{"start":{"line":14,"column":29},"end":{"line":19,"column":4}},"locations":[{"start":{"line":14,"column":29},"end":{"line":19,"column":4}}]}},"b":{"0":[4],"1":[14],"2":[12],"3":[0],"4":[14]},"fnMap":{"0":{"name":"Pagination","decl":{"start":{"line":9,"column":43},"end":{"line":51,"column":2}},"loc":{"start":{"line":9,"column":43},"end":{"line":51,"column":2}},"line":9},"1":{"name":"updateSearchParams","decl":{"start":{"line":14,"column":29},"end":{"line":19,"column":4}},"loc":{"start":{"line":14,"column":29},"end":{"line":19,"column":4}},"line":14}},"f":{"0":4,"1":14}}
,"/home/kate/www/star-wars-heroes/src/helpers/graph-nodes.ts": {"path":"/home/kate/www/star-wars-heroes/src/helpers/graph-nodes.ts","all":false,"statementMap":{"0":{"start":{"line":1,"column":0},"end":{"line":1,"column":46}},"6":{"start":{"line":7,"column":0},"end":{"line":7,"column":38}},"13":{"start":{"line":14,"column":0},"end":{"line":14,"column":54}},"14":{"start":{"line":15,"column":0},"end":{"line":15,"column":46}},"15":{"start":{"line":16,"column":0},"end":{"line":16,"column":22}},"16":{"start":{"line":17,"column":0},"end":{"line":17,"column":19}},"17":{"start":{"line":18,"column":0},"end":{"line":18,"column":11}},"18":{"start":{"line":19,"column":0},"end":{"line":19,"column":26}},"19":{"start":{"line":20,"column":0},"end":{"line":20,"column":23}},"20":{"start":{"line":21,"column":0},"end":{"line":21,"column":28}},"21":{"start":{"line":22,"column":0},"end":{"line":22,"column":52}},"22":{"start":{"line":23,"column":0},"end":{"line":23,"column":27}},"23":{"start":{"line":24,"column":0},"end":{"line":24,"column":30}},"24":{"start":{"line":25,"column":0},"end":{"line":25,"column":6}},"25":{"start":{"line":26,"column":0},"end":{"line":26,"column":62}},"26":{"start":{"line":27,"column":0},"end":{"line":27,"column":6}},"27":{"start":{"line":28,"column":0},"end":{"line":28,"column":2}},"29":{"start":{"line":30,"column":0},"end":{"line":30,"column":66}},"30":{"start":{"line":31,"column":0},"end":{"line":31,"column":54}},"31":{"start":{"line":32,"column":0},"end":{"line":32,"column":26}},"32":{"start":{"line":33,"column":0},"end":{"line":33,"column":19}},"33":{"start":{"line":34,"column":0},"end":{"line":34,"column":11}},"34":{"start":{"line":35,"column":0},"end":{"line":35,"column":30}},"35":{"start":{"line":36,"column":0},"end":{"line":36,"column":26}},"36":{"start":{"line":37,"column":0},"end":{"line":37,"column":46}},"37":{"start":{"line":38,"column":0},"end":{"line":38,"column":62}},"38":{"start":{"line":39,"column":0},"end":{"line":39,"column":52}},"39":{"start":{"line":40,"column":0},"end":{"line":40,"column":6}},"40":{"start":{"line":41,"column":0},"end":{"line":41,"column":62}},"41":{"start":{"line":42,"column":0},"end":{"line":42,"column":6}},"42":{"start":{"line":43,"column":0},"end":{"line":43,"column":2}},"44":{"start":{"line":45,"column":0},"end":{"line":45,"column":28}},"45":{"start":{"line":46,"column":0},"end":{"line":46,"column":23}},"46":{"start":{"line":47,"column":0},"end":{"line":47,"column":19}},"47":{"start":{"line":48,"column":0},"end":{"line":48,"column":26}},"48":{"start":{"line":49,"column":0},"end":{"line":49,"column":6}},"49":{"start":{"line":50,"column":0},"end":{"line":50,"column":57}},"50":{"start":{"line":51,"column":0},"end":{"line":51,"column":38}},"51":{"start":{"line":52,"column":0},"end":{"line":52,"column":31}},"52":{"start":{"line":53,"column":0},"end":{"line":53,"column":26}},"53":{"start":{"line":54,"column":0},"end":{"line":54,"column":25}},"54":{"start":{"line":55,"column":0},"end":{"line":55,"column":6}},"56":{"start":{"line":57,"column":0},"end":{"line":57,"column":36}},"58":{"start":{"line":59,"column":0},"end":{"line":59,"column":41}},"59":{"start":{"line":60,"column":0},"end":{"line":60,"column":63}},"60":{"start":{"line":61,"column":0},"end":{"line":61,"column":45}},"61":{"start":{"line":62,"column":0},"end":{"line":62,"column":29}},"62":{"start":{"line":63,"column":0},"end":{"line":63,"column":43}},"63":{"start":{"line":64,"column":0},"end":{"line":64,"column":32}},"64":{"start":{"line":65,"column":0},"end":{"line":65,"column":36}},"65":{"start":{"line":66,"column":0},"end":{"line":66,"column":29}},"66":{"start":{"line":67,"column":0},"end":{"line":67,"column":11}},"67":{"start":{"line":68,"column":0},"end":{"line":68,"column":7}},"68":{"start":{"line":69,"column":0},"end":{"line":69,"column":7}},"69":{"start":{"line":70,"column":0},"end":{"line":70,"column":5}},"71":{"start":{"line":72,"column":0},"end":{"line":72,"column":44}},"72":{"start":{"line":73,"column":0},"end":{"line":73,"column":2}}},"s":{"0":1,"6":1,"13":1,"14":2,"15":3,"16":3,"17":3,"18":3,"19":3,"20":3,"21":3,"22":3,"23":3,"24":3,"25":3,"26":2,"27":2,"29":1,"30":2,"31":2,"32":2,"33":2,"34":2,"35":2,"36":2,"37":2,"38":2,"39":2,"40":2,"41":2,"42":2,"44":1,"45":3,"46":3,"47":3,"48":3,"49":3,"50":5,"51":5,"52":5,"53":5,"54":3,"56":3,"58":3,"59":5,"60":8,"61":6,"62":6,"63":6,"64":6,"65":6,"66":6,"67":6,"68":5,"69":3,"71":3,"72":3},"branchMap":{"0":{"type":"branch","line":14,"loc":{"start":{"line":14,"column":31},"end":{"line":28,"column":2}},"locations":[{"start":{"line":14,"column":31},"end":{"line":28,"column":2}}]},"1":{"type":"branch","line":15,"loc":{"start":{"line":15,"column":27},"end":{"line":27,"column":4}},"locations":[{"start":{"line":15,"column":27},"end":{"line":27,"column":4}}]},"2":{"type":"branch","line":30,"loc":{"start":{"line":30,"column":35},"end":{"line":43,"column":2}},"locations":[{"start":{"line":30,"column":35},"end":{"line":43,"column":2}}]},"3":{"type":"branch","line":31,"loc":{"start":{"line":31,"column":31},"end":{"line":42,"column":4}},"locations":[{"start":{"line":31,"column":31},"end":{"line":42,"column":4}}]},"4":{"type":"branch","line":45,"loc":{"start":{"line":45,"column":27},"end":{"line":73,"column":2}},"locations":[{"start":{"line":45,"column":27},"end":{"line":73,"column":2}}]},"5":{"type":"branch","line":50,"loc":{"start":{"line":50,"column":39},"end":{"line":55,"column":4}},"locations":[{"start":{"line":50,"column":39},"end":{"line":55,"column":4}}]},"6":{"type":"branch","line":59,"loc":{"start":{"line":59,"column":24},"end":{"line":70,"column":3}},"locations":[{"start":{"line":59,"column":24},"end":{"line":70,"column":3}}]},"7":{"type":"branch","line":60,"loc":{"start":{"line":60,"column":15},"end":{"line":60,"column":30}},"locations":[{"start":{"line":60,"column":15},"end":{"line":60,"column":30}}]},"8":{"type":"branch","line":60,"loc":{"start":{"line":60,"column":38},"end":{"line":69,"column":5}},"locations":[{"start":{"line":60,"column":38},"end":{"line":69,"column":5}}]},"9":{"type":"branch","line":61,"loc":{"start":{"line":61,"column":44},"end":{"line":68,"column":7}},"locations":[{"start":{"line":61,"column":44},"end":{"line":68,"column":7}}]}},"b":{"0":[2],"1":[3],"2":[2],"3":[2],"4":[3],"5":[5],"6":[5],"7":[0],"8":[8],"9":[6]},"fnMap":{"0":{"name":"createFilmNodes","decl":{"start":{"line":14,"column":31},"end":{"line":28,"column":2}},"loc":{"start":{"line":14,"column":31},"end":{"line":28,"column":2}},"line":14},"1":{"name":"createStarshipNodes","decl":{"start":{"line":30,"column":35},"end":{"line":43,"column":2}},"loc":{"start":{"line":30,"column":35},"end":{"line":43,"column":2}},"line":30},"2":{"name":"createEdges","decl":{"start":{"line":45,"column":27},"end":{"line":73,"column":2}},"loc":{"start":{"line":45,"column":27},"end":{"line":73,"column":2}},"line":45}},"f":{"0":2,"1":2,"2":3}}
,"/home/kate/www/star-wars-heroes/src/pages/CharacterPage.tsx": {"path":"/home/kate/www/star-wars-heroes/src/pages/CharacterPage.tsx","all":false,"statementMap":{"0":{"start":{"line":1,"column":0},"end":{"line":1,"column":58}},"22":{"start":{"line":23,"column":0},"end":{"line":23,"column":19}},"23":{"start":{"line":24,"column":0},"end":{"line":24,"column":21}},"24":{"start":{"line":25,"column":0},"end":{"line":25,"column":2}},"26":{"start":{"line":27,"column":0},"end":{"line":27,"column":36}},"27":{"start":{"line":28,"column":0},"end":{"line":28,"column":38}},"28":{"start":{"line":29,"column":0},"end":{"line":29,"column":33}},"30":{"start":{"line":31,"column":0},"end":{"line":31,"column":49}},"31":{"start":{"line":32,"column":0},"end":{"line":32,"column":49}},"33":{"start":{"line":34,"column":0},"end":{"line":34,"column":70}},"34":{"start":{"line":35,"column":0},"end":{"line":35,"column":31}},"35":{"start":{"line":36,"column":0},"end":{"line":36,"column":43}},"36":{"start":{"line":37,"column":0},"end":{"line":37,"column":4}},"38":{"start":{"line":39,"column":0},"end":{"line":39,"column":62}},"39":{"start":{"line":40,"column":0},"end":{"line":40,"column":27}},"40":{"start":{"line":41,"column":0},"end":{"line":41,"column":52}},"41":{"start":{"line":42,"column":0},"end":{"line":42,"column":4}},"43":{"start":{"line":44,"column":0},"end":{"line":44,"column":70}},"44":{"start":{"line":45,"column":0},"end":{"line":45,"column":31}},"45":{"start":{"line":46,"column":0},"end":{"line":46,"column":56}},"46":{"start":{"line":47,"column":0},"end":{"line":47,"column":4}},"48":{"start":{"line":49,"column":0},"end":{"line":49,"column":64}},"49":{"start":{"line":50,"column":0},"end":{"line":50,"column":28}},"50":{"start":{"line":51,"column":0},"end":{"line":51,"column":53}},"51":{"start":{"line":52,"column":0},"end":{"line":52,"column":4}},"53":{"start":{"line":54,"column":0},"end":{"line":54,"column":33}},"54":{"start":{"line":55,"column":0},"end":{"line":55,"column":17}},"55":{"start":{"line":56,"column":0},"end":{"line":56,"column":4}},"57":{"start":{"line":58,"column":0},"end":{"line":58,"column":57}},"58":{"start":{"line":59,"column":0},"end":{"line":59,"column":46}},"59":{"start":{"line":60,"column":0},"end":{"line":60,"column":58}},"61":{"start":{"line":62,"column":0},"end":{"line":62,"column":14}},"62":{"start":{"line":63,"column":0},"end":{"line":63,"column":7}},"63":{"start":{"line":64,"column":0},"end":{"line":64,"column":32}},"64":{"start":{"line":65,"column":0},"end":{"line":65,"column":23}},"65":{"start":{"line":66,"column":0},"end":{"line":66,"column":15}},"66":{"start":{"line":67,"column":0},"end":{"line":67,"column":35}},"67":{"start":{"line":68,"column":0},"end":{"line":68,"column":94}},"68":{"start":{"line":69,"column":0},"end":{"line":69,"column":31}},"69":{"start":{"line":70,"column":0},"end":{"line":70,"column":35}},"70":{"start":{"line":71,"column":0},"end":{"line":71,"column":44}},"71":{"start":{"line":72,"column":0},"end":{"line":72,"column":35}},"72":{"start":{"line":73,"column":0},"end":{"line":73,"column":43}},"73":{"start":{"line":74,"column":0},"end":{"line":74,"column":10}},"74":{"start":{"line":75,"column":0},"end":{"line":75,"column":19}},"75":{"start":{"line":76,"column":0},"end":{"line":76,"column":64}},"76":{"start":{"line":77,"column":0},"end":{"line":77,"column":15}},"77":{"start":{"line":78,"column":0},"end":{"line":78,"column":10}},"78":{"start":{"line":79,"column":0},"end":{"line":79,"column":8}},"79":{"start":{"line":80,"column":0},"end":{"line":80,"column":20}},"80":{"start":{"line":81,"column":0},"end":{"line":81,"column":24}},"81":{"start":{"line":82,"column":0},"end":{"line":82,"column":7}},"83":{"start":{"line":84,"column":0},"end":{"line":84,"column":59}},"85":{"start":{"line":86,"column":0},"end":{"line":86,"column":20}},"86":{"start":{"line":87,"column":0},"end":{"line":87,"column":3}},"88":{"start":{"line":89,"column":0},"end":{"line":89,"column":10}},"89":{"start":{"line":90,"column":0},"end":{"line":90,"column":73}},"90":{"start":{"line":91,"column":0},"end":{"line":91,"column":45}},"91":{"start":{"line":92,"column":0},"end":{"line":92,"column":15}},"92":{"start":{"line":93,"column":0},"end":{"line":93,"column":62}},"93":{"start":{"line":94,"column":0},"end":{"line":94,"column":35}},"94":{"start":{"line":95,"column":0},"end":{"line":95,"column":9}},"96":{"start":{"line":97,"column":0},"end":{"line":97,"column":17}},"97":{"start":{"line":98,"column":0},"end":{"line":98,"column":12}},"98":{"start":{"line":99,"column":0},"end":{"line":99,"column":28}},"99":{"start":{"line":100,"column":0},"end":{"line":100,"column":23}},"100":{"start":{"line":101,"column":0},"end":{"line":101,"column":27}},"101":{"start":{"line":102,"column":0},"end":{"line":102,"column":25}},"102":{"start":{"line":103,"column":0},"end":{"line":103,"column":72}},"103":{"start":{"line":104,"column":0},"end":{"line":104,"column":20}},"104":{"start":{"line":105,"column":0},"end":{"line":105,"column":14}},"106":{"start":{"line":107,"column":0},"end":{"line":107,"column":47}},"107":{"start":{"line":108,"column":0},"end":{"line":108,"column":69}},"108":{"start":{"line":109,"column":0},"end":{"line":109,"column":22}},"109":{"start":{"line":110,"column":0},"end":{"line":110,"column":27}},"110":{"start":{"line":111,"column":0},"end":{"line":111,"column":27}},"111":{"start":{"line":112,"column":0},"end":{"line":112,"column":35}},"112":{"start":{"line":113,"column":0},"end":{"line":113,"column":21}},"114":{"start":{"line":115,"column":0},"end":{"line":115,"column":28}},"115":{"start":{"line":116,"column":0},"end":{"line":116,"column":24}},"116":{"start":{"line":117,"column":0},"end":{"line":117,"column":16}},"117":{"start":{"line":118,"column":0},"end":{"line":118,"column":14}},"119":{"start":{"line":120,"column":0},"end":{"line":120,"column":10}},"121":{"start":{"line":122,"column":0},"end":{"line":122,"column":2}}},"s":{"0":1,"22":1,"23":1,"24":1,"26":1,"27":6,"28":6,"30":6,"31":6,"33":6,"34":6,"35":6,"36":6,"38":6,"39":6,"40":6,"41":6,"43":6,"44":6,"45":6,"46":6,"48":6,"49":6,"50":6,"51":6,"53":6,"54":0,"55":0,"57":6,"58":1,"59":1,"61":1,"62":1,"63":1,"64":1,"65":1,"66":1,"67":1,"68":1,"69":1,"70":1,"71":1,"72":1,"73":1,"74":1,"75":1,"76":1,"77":1,"78":1,"79":1,"80":1,"81":1,"83":1,"85":1,"86":1,"88":6,"89":6,"90":6,"91":6,"92":6,"93":6,"94":6,"96":6,"97":6,"98":6,"99":2,"100":2,"101":2,"102":4,"103":4,"104":4,"106":2,"107":2,"108":2,"109":2,"110":2,"111":2,"112":2,"114":2,"115":2,"116":2,"117":2,"119":6,"121":6},"branchMap":{"0":{"type":"branch","line":27,"loc":{"start":{"line":27,"column":29},"end":{"line":122,"column":2}},"locations":[{"start":{"line":27,"column":29},"end":{"line":122,"column":2}}]},"1":{"type":"branch","line":58,"loc":{"start":{"line":58,"column":6},"end":{"line":58,"column":28}},"locations":[{"start":{"line":58,"column":6},"end":{"line":58,"column":28}}]},"2":{"type":"branch","line":58,"loc":{"start":{"line":58,"column":19},"end":{"line":58,"column":41}},"locations":[{"start":{"line":58,"column":19},"end":{"line":58,"column":41}}]},"3":{"type":"branch","line":58,"loc":{"start":{"line":58,"column":28},"end":{"line":58,"column":56}},"locations":[{"start":{"line":58,"column":28},"end":{"line":58,"column":56}}]},"4":{"type":"branch","line":58,"loc":{"start":{"line":58,"column":56},"end":{"line":87,"column":3}},"locations":[{"start":{"line":58,"column":56},"end":{"line":87,"column":3}}]},"5":{"type":"branch","line":99,"loc":{"start":{"line":99,"column":7},"end":{"line":100,"column":23}},"locations":[{"start":{"line":99,"column":7},"end":{"line":100,"column":23}}]},"6":{"type":"branch","line":100,"loc":{"start":{"line":100,"column":6},"end":{"line":101,"column":27}},"locations":[{"start":{"line":100,"column":6},"end":{"line":101,"column":27}}]},"7":{"type":"branch","line":101,"loc":{"start":{"line":101,"column":6},"end":{"line":102,"column":25}},"locations":[{"start":{"line":101,"column":6},"end":{"line":102,"column":25}}]},"8":{"type":"branch","line":102,"loc":{"start":{"line":102,"column":6},"end":{"line":105,"column":14}},"locations":[{"start":{"line":102,"column":6},"end":{"line":105,"column":14}}]},"9":{"type":"branch","line":105,"loc":{"start":{"line":105,"column":8},"end":{"line":118,"column":14}},"locations":[{"start":{"line":105,"column":8},"end":{"line":118,"column":14}}]},"10":{"type":"branch","line":36,"loc":{"start":{"line":36,"column":4},"end":{"line":36,"column":43}},"locations":[{"start":{"line":36,"column":4},"end":{"line":36,"column":43}}]},"11":{"type":"branch","line":41,"loc":{"start":{"line":41,"column":4},"end":{"line":41,"column":52}},"locations":[{"start":{"line":41,"column":4},"end":{"line":41,"column":52}}]},"12":{"type":"branch","line":46,"loc":{"start":{"line":46,"column":4},"end":{"line":46,"column":56}},"locations":[{"start":{"line":46,"column":4},"end":{"line":46,"column":56}}]},"13":{"type":"branch","line":51,"loc":{"start":{"line":51,"column":4},"end":{"line":51,"column":53}},"locations":[{"start":{"line":51,"column":4},"end":{"line":51,"column":53}}]}},"b":{"0":[6],"1":[2],"2":[2],"3":[2],"4":[1],"5":[2],"6":[2],"7":[2],"8":[4],"9":[2],"10":[1],"11":[1],"12":[1],"13":[1]},"fnMap":{"0":{"name":"CharacterPage","decl":{"start":{"line":27,"column":29},"end":{"line":122,"column":2}},"loc":{"start":{"line":27,"column":29},"end":{"line":122,"column":2}},"line":27},"1":{"name":"handleBackClick","decl":{"start":{"line":54,"column":26},"end":{"line":56,"column":4}},"loc":{"start":{"line":54,"column":26},"end":{"line":56,"column":4}},"line":54}},"f":{"0":6,"1":0}}
,"/home/kate/www/star-wars-heroes/src/pages/CharactersPage.tsx": {"path":"/home/kate/www/star-wars-heroes/src/pages/CharactersPage.tsx","all":false,"statementMap":{"0":{"start":{"line":1,"column":0},"end":{"line":1,"column":39}},"9":{"start":{"line":10,"column":0},"end":{"line":10,"column":38}},"11":{"start":{"line":12,"column":0},"end":{"line":12,"column":37}},"12":{"start":{"line":13,"column":0},"end":{"line":13,"column":43}},"13":{"start":{"line":14,"column":0},"end":{"line":14,"column":33}},"14":{"start":{"line":15,"column":0},"end":{"line":15,"column":53}},"15":{"start":{"line":16,"column":0},"end":{"line":16,"column":16}},"17":{"start":{"line":18,"column":0},"end":{"line":18,"column":29}},"18":{"start":{"line":19,"column":0},"end":{"line":19,"column":21}},"19":{"start":{"line":20,"column":0},"end":{"line":20,"column":13}},"20":{"start":{"line":21,"column":0},"end":{"line":21,"column":25}},"21":{"start":{"line":22,"column":0},"end":{"line":22,"column":7}},"22":{"start":{"line":23,"column":0},"end":{"line":23,"column":4}},"24":{"start":{"line":25,"column":0},"end":{"line":25,"column":9}},"25":{"start":{"line":26,"column":0},"end":{"line":26,"column":21}},"26":{"start":{"line":27,"column":0},"end":{"line":27,"column":14}},"27":{"start":{"line":28,"column":0},"end":{"line":28,"column":10}},"28":{"start":{"line":29,"column":0},"end":{"line":29,"column":38}},"29":{"start":{"line":30,"column":0},"end":{"line":30,"column":93}},"30":{"start":{"line":31,"column":0},"end":{"line":31,"column":30}},"31":{"start":{"line":32,"column":0},"end":{"line":32,"column":5}},"32":{"start":{"line":33,"column":0},"end":{"line":33,"column":85}},"33":{"start":{"line":34,"column":0},"end":{"line":34,"column":5}},"34":{"start":{"line":35,"column":0},"end":{"line":35,"column":4}},"36":{"start":{"line":37,"column":0},"end":{"line":37,"column":19}},"37":{"start":{"line":38,"column":0},"end":{"line":38,"column":18}},"38":{"start":{"line":39,"column":0},"end":{"line":39,"column":24}},"40":{"start":{"line":41,"column":0},"end":{"line":41,"column":19}},"41":{"start":{"line":42,"column":0},"end":{"line":42,"column":62}},"42":{"start":{"line":43,"column":0},"end":{"line":43,"column":3}},"44":{"start":{"line":45,"column":0},"end":{"line":45,"column":10}},"45":{"start":{"line":46,"column":0},"end":{"line":46,"column":84}},"46":{"start":{"line":47,"column":0},"end":{"line":47,"column":10}},"47":{"start":{"line":48,"column":0},"end":{"line":48,"column":37}},"48":{"start":{"line":49,"column":0},"end":{"line":49,"column":101}},"50":{"start":{"line":51,"column":0},"end":{"line":51,"column":33}},"51":{"start":{"line":52,"column":0},"end":{"line":52,"column":69}},"52":{"start":{"line":53,"column":0},"end":{"line":53,"column":31}},"53":{"start":{"line":54,"column":0},"end":{"line":54,"column":49}},"54":{"start":{"line":55,"column":0},"end":{"line":55,"column":70}},"55":{"start":{"line":56,"column":0},"end":{"line":56,"column":13}},"56":{"start":{"line":57,"column":0},"end":{"line":57,"column":12}},"57":{"start":{"line":58,"column":0},"end":{"line":58,"column":58}},"58":{"start":{"line":59,"column":0},"end":{"line":59,"column":10}},"60":{"start":{"line":61,"column":0},"end":{"line":61,"column":2}}},"s":{"0":1,"9":1,"11":1,"12":3,"13":3,"14":3,"15":3,"17":3,"18":2,"19":2,"20":2,"21":2,"22":2,"24":3,"25":3,"26":3,"27":3,"28":3,"29":3,"30":3,"31":3,"32":3,"33":3,"34":3,"36":3,"37":2,"38":3,"40":3,"41":1,"42":1,"44":3,"45":3,"46":3,"47":3,"48":3,"50":3,"51":3,"52":3,"53":1,"54":2,"55":1,"56":3,"57":3,"58":3,"60":3},"branchMap":{"0":{"type":"branch","line":12,"loc":{"start":{"line":12,"column":30},"end":{"line":61,"column":2}},"locations":[{"start":{"line":12,"column":30},"end":{"line":61,"column":2}}]},"1":{"type":"branch","line":41,"loc":{"start":{"line":41,"column":18},"end":{"line":43,"column":3}},"locations":[{"start":{"line":41,"column":18},"end":{"line":43,"column":3}}]},"2":{"type":"branch","line":51,"loc":{"start":{"line":51,"column":9},"end":{"line":51,"column":33}},"locations":[{"start":{"line":51,"column":9},"end":{"line":51,"column":33}}]},"3":{"type":"branch","line":52,"loc":{"start":{"line":52,"column":9},"end":{"line":52,"column":69}},"locations":[{"start":{"line":52,"column":9},"end":{"line":52,"column":69}}]},"4":{"type":"branch","line":53,"loc":{"start":{"line":53,"column":9},"end":{"line":53,"column":31}},"locations":[{"start":{"line":53,"column":9},"end":{"line":53,"column":31}}]},"5":{"type":"branch","line":53,"loc":{"start":{"line":53,"column":21},"end":{"line":56,"column":13}},"locations":[{"start":{"line":53,"column":21},"end":{"line":56,"column":13}}]},"6":{"type":"branch","line":18,"loc":{"start":{"line":18,"column":22},"end":{"line":23,"column":4}},"locations":[{"start":{"line":18,"column":22},"end":{"line":23,"column":4}}]},"7":{"type":"branch","line":31,"loc":{"start":{"line":31,"column":4},"end":{"line":31,"column":30}},"locations":[{"start":{"line":31,"column":4},"end":{"line":31,"column":30}}]},"8":{"type":"branch","line":37,"loc":{"start":{"line":37,"column":12},"end":{"line":39,"column":5}},"locations":[{"start":{"line":37,"column":12},"end":{"line":39,"column":5}}]},"9":{"type":"branch","line":54,"loc":{"start":{"line":54,"column":33},"end":{"line":55,"column":70}},"locations":[{"start":{"line":54,"column":33},"end":{"line":55,"column":70}}]}},"b":{"0":[3],"1":[1],"2":[2],"3":[0],"4":[1],"5":[1],"6":[2],"7":[1],"8":[2],"9":[2]},"fnMap":{"0":{"name":"CharactersPage","decl":{"start":{"line":12,"column":30},"end":{"line":61,"column":2}},"loc":{"start":{"line":12,"column":30},"end":{"line":61,"column":2}},"line":12},"1":{"name":"scrollToTop","decl":{"start":{"line":18,"column":22},"end":{"line":23,"column":4}},"loc":{"start":{"line":18,"column":22},"end":{"line":23,"column":4}},"line":18},"2":{"name":"CharactersPage.__vite_ssr_import_1__.useQuery.keepPreviousData","decl":{"start":{"line":31,"column":4},"end":{"line":31,"column":30}},"loc":{"start":{"line":31,"column":4},"end":{"line":31,"column":30}},"line":31}},"f":{"0":3,"1":2,"2":1}}
,"/home/kate/www/star-wars-heroes/src/pages/HomePage.tsx": {"path":"/home/kate/www/star-wars-heroes/src/pages/HomePage.tsx","all":false,"statementMap":{"0":{"start":{"line":1,"column":0},"end":{"line":1,"column":40}},"3":{"start":{"line":4,"column":0},"end":{"line":4,"column":31}},"4":{"start":{"line":5,"column":0},"end":{"line":5,"column":10}},"5":{"start":{"line":6,"column":0},"end":{"line":6,"column":75}},"6":{"start":{"line":7,"column":0},"end":{"line":7,"column":58}},"7":{"start":{"line":8,"column":0},"end":{"line":8,"column":118}},"9":{"start":{"line":10,"column":0},"end":{"line":10,"column":11}},"11":{"start":{"line":12,"column":0},"end":{"line":12,"column":84}},"13":{"start":{"line":14,"column":0},"end":{"line":14,"column":71}},"15":{"start":{"line":16,"column":0},"end":{"line":16,"column":10}},"16":{"start":{"line":17,"column":0},"end":{"line":17,"column":70}},"17":{"start":{"line":18,"column":0},"end":{"line":18,"column":13}},"18":{"start":{"line":19,"column":0},"end":{"line":19,"column":21}},"19":{"start":{"line":20,"column":0},"end":{"line":20,"column":22}},"20":{"start":{"line":21,"column":0},"end":{"line":21,"column":107}},"21":{"start":{"line":22,"column":0},"end":{"line":22,"column":9}},"22":{"start":{"line":23,"column":0},"end":{"line":23,"column":53}},"23":{"start":{"line":24,"column":0},"end":{"line":24,"column":15}},"24":{"start":{"line":25,"column":0},"end":{"line":25,"column":12}},"25":{"start":{"line":26,"column":0},"end":{"line":26,"column":10}},"27":{"start":{"line":28,"column":0},"end":{"line":28,"column":2}}},"s":{"0":1,"3":1,"4":3,"5":3,"6":3,"7":3,"9":3,"11":3,"13":3,"15":3,"16":3,"17":3,"18":3,"19":3,"20":3,"21":3,"22":3,"23":3,"24":3,"25":3,"27":3},"branchMap":{"0":{"type":"branch","line":4,"loc":{"start":{"line":4,"column":24},"end":{"line":28,"column":2}},"locations":[{"start":{"line":4,"column":24},"end":{"line":28,"column":2}}]}},"b":{"0":[3]},"fnMap":{"0":{"name":"HomePage","decl":{"start":{"line":4,"column":24},"end":{"line":28,"column":2}},"loc":{"start":{"line":4,"column":24},"end":{"line":28,"column":2}},"line":4}},"f":{"0":3}}
,"/home/kate/www/star-wars-heroes/src/types/Character.ts": {"path":"/home/kate/www/star-wars-heroes/src/types/Character.ts","all":false,"statementMap":{"27":{"start":{"line":28,"column":0},"end":{"line":28,"column":20}},"28":{"start":{"line":29,"column":0},"end":{"line":29,"column":34}},"29":{"start":{"line":30,"column":0},"end":{"line":30,"column":16}}},"s":{"27":1,"28":1,"29":1},"branchMap":{"0":{"type":"branch","line":28,"loc":{"start":{"line":28,"column":7},"end":{"line":28,"column":20}},"locations":[{"start":{"line":28,"column":7},"end":{"line":28,"column":20}}]}},"b":{"0":[4]},"fnMap":{},"f":{}}
,"/home/kate/www/star-wars-heroes/src/types/DataType.ts": {"path":"/home/kate/www/star-wars-heroes/src/types/DataType.ts","all":false,"statementMap":{"0":{"start":{"line":1,"column":0},"end":{"line":1,"column":22}},"1":{"start":{"line":2,"column":0},"end":{"line":2,"column":26}},"2":{"start":{"line":3,"column":0},"end":{"line":3,"column":16}},"3":{"start":{"line":4,"column":0},"end":{"line":4,"column":24}}},"s":{"0":1,"1":1,"2":1,"3":1},"branchMap":{"0":{"type":"branch","line":1,"loc":{"start":{"line":1,"column":7},"end":{"line":1,"column":22}},"locations":[{"start":{"line":1,"column":7},"end":{"line":1,"column":22}}]}},"b":{"0":[4]},"fnMap":{},"f":{}}
,"/home/kate/www/star-wars-heroes/src/types/Edge.ts": {"path":"/home/kate/www/star-wars-heroes/src/types/Edge.ts","all":true,"statementMap":{},"s":{},"branchMap":{"0":{"type":"branch","line":1,"loc":{"start":{"line":1,"column":108},"end":{"line":7,"column":2}},"locations":[{"start":{"line":1,"column":108},"end":{"line":7,"column":2}}]}},"b":{"0":[1]},"fnMap":{"0":{"name":"(empty-report)","decl":{"start":{"line":1,"column":108},"end":{"line":7,"column":2}},"loc":{"start":{"line":1,"column":108},"end":{"line":7,"column":2}},"line":1}},"f":{"0":1}}
,"/home/kate/www/star-wars-heroes/src/types/Film.ts": {"path":"/home/kate/www/star-wars-heroes/src/types/Film.ts","all":true,"statementMap":{},"s":{},"branchMap":{"0":{"type":"branch","line":1,"loc":{"start":{"line":1,"column":424},"end":{"line":24,"column":2}},"locations":[{"start":{"line":1,"column":424},"end":{"line":24,"column":2}}]}},"b":{"0":[1]},"fnMap":{"0":{"name":"(empty-report)","decl":{"start":{"line":1,"column":424},"end":{"line":24,"column":2}},"loc":{"start":{"line":1,"column":424},"end":{"line":24,"column":2}},"line":1}},"f":{"0":1}}
,"/home/kate/www/star-wars-heroes/src/types/Planet.ts": {"path":"/home/kate/www/star-wars-heroes/src/types/Planet.ts","all":true,"statementMap":{},"s":{},"branchMap":{"0":{"type":"branch","line":1,"loc":{"start":{"line":1,"column":430},"end":{"line":24,"column":1}},"locations":[{"start":{"line":1,"column":430},"end":{"line":24,"column":1}}]}},"b":{"0":[1]},"fnMap":{"0":{"name":"(empty-report)","decl":{"start":{"line":1,"column":430},"end":{"line":24,"column":1}},"loc":{"start":{"line":1,"column":430},"end":{"line":24,"column":1}},"line":1}},"f":{"0":1}}
,"/home/kate/www/star-wars-heroes/src/types/SearchParam.ts": {"path":"/home/kate/www/star-wars-heroes/src/types/SearchParam.ts","all":true,"statementMap":{},"s":{},"branchMap":{"0":{"type":"branch","line":1,"loc":{"start":{"line":1,"column":74},"end":{"line":3,"column":2}},"locations":[{"start":{"line":1,"column":74},"end":{"line":3,"column":2}}]}},"b":{"0":[1]},"fnMap":{"0":{"name":"(empty-report)","decl":{"start":{"line":1,"column":74},"end":{"line":3,"column":2}},"loc":{"start":{"line":1,"column":74},"end":{"line":3,"column":2}},"line":1}},"f":{"0":1}}
,"/home/kate/www/star-wars-heroes/src/types/Starship.ts": {"path":"/home/kate/www/star-wars-heroes/src/types/Starship.ts","all":true,"statementMap":{},"s":{},"branchMap":{"0":{"type":"branch","line":1,"loc":{"start":{"line":1,"column":534},"end":{"line":28,"column":1}},"locations":[{"start":{"line":1,"column":534},"end":{"line":28,"column":1}}]}},"b":{"0":[1]},"fnMap":{"0":{"name":"(empty-report)","decl":{"start":{"line":1,"column":534},"end":{"line":28,"column":1}},"loc":{"start":{"line":1,"column":534},"end":{"line":28,"column":1}},"line":1}},"f":{"0":1}}
}
